TN:
SF:src/functions/getProductsById/index.ts
FN:7,getProductsById
FNF:1
FNH:1
FNDA:1,getProductsById
DA:1,1
DA:2,1
DA:3,1
DA:4,1
DA:5,1
DA:6,1
DA:7,1
DA:8,1
DA:9,1
DA:10,1
DA:11,1
DA:12,1
DA:13,1
DA:14,1
DA:15,1
DA:16,1
DA:17,1
DA:18,1
DA:19,1
DA:20,0
DA:21,0
DA:22,0
DA:23,0
DA:24,1
DA:25,1
DA:26,0
DA:27,0
DA:28,0
DA:29,0
DA:30,1
LF:30
LH:22
BRDA:7,0,0,1
BRDA:19,1,0,0
BRDA:25,2,0,0
BRDA:17,3,0,3
BRF:4
BRH:2
end_of_record
TN:
SF:src/libs/api-gateway.ts
FN:7,formatJSONResponse
FNF:1
FNH:1
FNDA:1,formatJSONResponse
DA:1,1
DA:2,1
DA:3,1
DA:4,1
DA:5,1
DA:6,1
DA:7,1
DA:8,1
DA:9,1
DA:10,1
DA:11,1
DA:12,1
DA:13,1
LF:13
LH:13
BRDA:7,0,0,1
BRF:1
BRH:1
end_of_record
