TN:
SF:src/functions/getProductsList/index.ts
FN:4,getProductsList
FNF:1
FNH:0
FNDA:0,getProductsList
DA:1,1
DA:2,1
DA:3,1
DA:4,1
DA:5,0
DA:6,0
DA:7,0
DA:8,0
DA:9,0
DA:10,0
DA:11,0
DA:12,0
DA:13,0
DA:14,0
DA:15,0
DA:16,0
DA:17,0
DA:18,0
DA:19,0
DA:20,0
DA:21,0
DA:22,0
DA:23,0
DA:24,0
DA:25,0
DA:26,0
LF:26
LH:4
BRF:0
BRH:0
end_of_record
TN:
SF:src/libs/api-gateway.ts
FN:7,formatJSONResponse
FNF:1
FNH:0
FNDA:0,formatJSONResponse
DA:1,1
DA:2,1
DA:3,1
DA:4,1
DA:5,1
DA:6,1
DA:7,1
DA:8,0
DA:9,0
DA:10,0
DA:11,0
DA:12,0
DA:13,0
LF:13
LH:7
BRF:0
BRH:0
end_of_record
